Command: cd frontend
Output:
bash: cd: frontend: No such file or directory
Exit Code: 1
----
Command: npm install wagmi viem @rainbow-me/rainbowkit @tanstack/react-query
Output:

up to date, audited 459 packages in 3s

109 packages are looking for funding
  run `npm fund` for details

16 vulnerabilities (12 low, 4 high)

To address issues that do not require attention, run:
  npm audit fix

To address all issues (including breaking changes), run:
  npm audit fix --force

Run `npm audit` for details.
Exit Code: 0
----
Command: npm audit fix
Output:

up to date, audited 459 packages in 12s

109 packages are looking for funding
  run `npm fund` for details

# npm audit report

elliptic  <=6.5.7
Elliptic's EDDSA missing signature length check - https://github.com/advisories/GHSA-f7q4-pwc6-w24p
Elliptic's ECDSA missing check for whether leading bit of r and s is zero - https://github.com/advisories/GHSA-977x-g7h5-7qgw
Elliptic allows BER-encoded signatures - https://github.com/advisories/GHSA-49q7-c7j4-3p7m
Elliptic's verify function omits uniqueness validation - https://github.com/advisories/GHSA-434g-2637-qmqr
Valid ECDSA signatures erroneously rejected in Elliptic - https://github.com/advisories/GHSA-fc9h-whq2-v747
fix available via `npm audit fix --force`
Will install ethers@6.13.4, which is a breaking change
node_modules/elliptic
  @ethersproject/signing-key  <=5.7.0
  Depends on vulnerable versions of elliptic
  node_modules/@ethersproject/signing-key
    @ethersproject/hdnode  *
    Depends on vulnerable versions of @ethersproject/abstract-signer
    Depends on vulnerable versions of @ethersproject/signing-key
    Depends on vulnerable versions of @ethersproject/transactions
    Depends on vulnerable versions of @ethersproject/wordlists
    node_modules/@ethersproject/hdnode
      @ethersproject/json-wallets  *
      Depends on vulnerable versions of @ethersproject/abstract-signer
      Depends on vulnerable versions of @ethersproject/hdnode
      Depends on vulnerable versions of @ethersproject/transactions
      node_modules/@ethersproject/json-wallets
    @ethersproject/transactions  <=5.7.0
    Depends on vulnerable versions of @ethersproject/signing-key
    node_modules/@ethersproject/transactions
      @ethersproject/abstract-provider  *
      Depends on vulnerable versions of @ethersproject/transactions
      node_modules/@ethersproject/abstract-provider
        @ethersproject/abstract-signer  *
        Depends on vulnerable versions of @ethersproject/abstract-provider
        node_modules/@ethersproject/abstract-signer
          @ethersproject/hash  5.0.6 - 5.7.0
          Depends on vulnerable versions of @ethersproject/abstract-signer
          node_modules/@ethersproject/hash
            @ethersproject/abi  5.0.10 - 5.7.0
            Depends on vulnerable versions of @ethersproject/hash
            node_modules/@ethersproject/abi
              @ethersproject/contracts  *
              Depends on vulnerable versions of @ethersproject/abi
              Depends on vulnerable versions of @ethersproject/abstract-provider
              Depends on vulnerable versions of @ethersproject/abstract-signer
              Depends on vulnerable versions of @ethersproject/transactions
              node_modules/@ethersproject/contracts
                ethers  5.0.0-beta.119 - 5.7.2
                Depends on vulnerable versions of @ethersproject/abi
                Depends on vulnerable versions of @ethersproject/abstract-provider
                Depends on vulnerable versions of @ethersproject/abstract-signer
                Depends on vulnerable versions of @ethersproject/contracts
                Depends on vulnerable versions of @ethersproject/hash
                Depends on vulnerable versions of @ethersproject/hdnode
                Depends on vulnerable versions of @ethersproject/json-wallets
                Depends on vulnerable versions of @ethersproject/providers
                Depends on vulnerable versions of @ethersproject/signing-key
                Depends on vulnerable versions of @ethersproject/transactions
                Depends on vulnerable versions of @ethersproject/wallet
                Depends on vulnerable versions of @ethersproject/wordlists
                node_modules/ethers
            @ethersproject/providers  <=5.7.2
            Depends on vulnerable versions of @ethersproject/abstract-provider
            Depends on vulnerable versions of @ethersproject/abstract-signer
            Depends on vulnerable versions of @ethersproject/hash
            Depends on vulnerable versions of @ethersproject/transactions
            Depends on vulnerable versions of ws
            node_modules/@ethersproject/providers
            @ethersproject/wallet  <=5.7.0
            Depends on vulnerable versions of @ethersproject/abstract-provider
            Depends on vulnerable versions of @ethersproject/abstract-signer
            Depends on vulnerable versions of @ethersproject/hash
            Depends on vulnerable versions of @ethersproject/hdnode
            Depends on vulnerable versions of @ethersproject/json-wallets
            Depends on vulnerable versions of @ethersproject/signing-key
            Depends on vulnerable versions of @ethersproject/transactions
            Depends on vulnerable versions of @ethersproject/wordlists
            node_modules/@ethersproject/wallet
            @ethersproject/wordlists  5.0.8 - 5.7.0
            Depends on vulnerable versions of @ethersproject/hash
            node_modules/@ethersproject/wordlists

next  10.0.0 - 14.2.6
Severity: high
Next.js Server-Side Request Forgery in Server Actions - https://github.com/advisories/GHSA-fr5h-rqp8-mj6g
Denial of Service condition in Next.js image optimization - https://github.com/advisories/GHSA-g77x-44xx-532m
fix available via `npm audit fix --force`
Will install next@15.0.3, which is a breaking change
node_modules/next

ws  7.0.0 - 7.5.9
Severity: high
ws affected by a DoS when handling a request with many HTTP headers - https://github.com/advisories/GHSA-3h5v-q93c-6h6q
fix available via `npm audit fix --force`
Will install ethers@6.13.4, which is a breaking change
node_modules/ws

16 vulnerabilities (12 low, 4 high)

To address issues that do not require attention, run:
  npm audit fix

To address all issues (including breaking changes), run:
  npm audit fix --force
Exit Code: 1
----
Command: npm install @rainbow-me/rainbowkit wagmi viem @tanstack/react-query
Output:

up to date, audited 459 packages in 3s

109 packages are looking for funding
  run `npm fund` for details

16 vulnerabilities (12 low, 4 high)

To address issues that do not require attention, run:
  npm audit fix

To address all issues (including breaking changes), run:
  npm audit fix --force

Run `npm audit` for details.
Exit Code: 0
----
Command: npm install wagmi @wagmi/core ethers@5.7.2 viem
Output:

up to date, audited 459 packages in 3s

109 packages are looking for funding
  run `npm fund` for details

16 vulnerabilities (12 low, 4 high)

To address issues that do not require attention, run:
  npm audit fix

To address all issues (including breaking changes), run:
  npm audit fix --force

Run `npm audit` for details.
Exit Code: 0
----
Command: npm audit fix
Output:

up to date, audited 459 packages in 12s

109 packages are looking for funding
  run `npm fund` for details

# npm audit report

elliptic  <=6.5.7
Elliptic's EDDSA missing signature length check - https://github.com/advisories/GHSA-f7q4-pwc6-w24p
Elliptic's ECDSA missing check for whether leading bit of r and s is zero - https://github.com/advisories/GHSA-977x-g7h5-7qgw
Elliptic allows BER-encoded signatures - https://github.com/advisories/GHSA-49q7-c7j4-3p7m
Elliptic's verify function omits uniqueness validation - https://github.com/advisories/GHSA-434g-2637-qmqr
Valid ECDSA signatures erroneously rejected in Elliptic - https://github.com/advisories/GHSA-fc9h-whq2-v747
fix available via `npm audit fix --force`
Will install ethers@6.13.4, which is a breaking change
node_modules/elliptic
  @ethersproject/signing-key  <=5.7.0
  Depends on vulnerable versions of elliptic
  node_modules/@ethersproject/signing-key
    @ethersproject/hdnode  *
    Depends on vulnerable versions of @ethersproject/abstract-signer
    Depends on vulnerable versions of @ethersproject/signing-key
    Depends on vulnerable versions of @ethersproject/transactions
    Depends on vulnerable versions of @ethersproject/wordlists
    node_modules/@ethersproject/hdnode
      @ethersproject/json-wallets  *
      Depends on vulnerable versions of @ethersproject/abstract-signer
      Depends on vulnerable versions of @ethersproject/hdnode
      Depends on vulnerable versions of @ethersproject/transactions
      node_modules/@ethersproject/json-wallets
    @ethersproject/transactions  <=5.7.0
    Depends on vulnerable versions of @ethersproject/signing-key
    node_modules/@ethersproject/transactions
      @ethersproject/abstract-provider  *
      Depends on vulnerable versions of @ethersproject/transactions
      node_modules/@ethersproject/abstract-provider
        @ethersproject/abstract-signer  *
        Depends on vulnerable versions of @ethersproject/abstract-provider
        node_modules/@ethersproject/abstract-signer
          @ethersproject/hash  5.0.6 - 5.7.0
          Depends on vulnerable versions of @ethersproject/abstract-signer
          node_modules/@ethersproject/hash
            @ethersproject/abi  5.0.10 - 5.7.0
            Depends on vulnerable versions of @ethersproject/hash
            node_modules/@ethersproject/abi
              @ethersproject/contracts  *
              Depends on vulnerable versions of @ethersproject/abi
              Depends on vulnerable versions of @ethersproject/abstract-provider
              Depends on vulnerable versions of @ethersproject/abstract-signer
              Depends on vulnerable versions of @ethersproject/transactions
              node_modules/@ethersproject/contracts
                ethers  5.0.0-beta.119 - 5.7.2
                Depends on vulnerable versions of @ethersproject/abi
                Depends on vulnerable versions of @ethersproject/abstract-provider
                Depends on vulnerable versions of @ethersproject/abstract-signer
                Depends on vulnerable versions of @ethersproject/contracts
                Depends on vulnerable versions of @ethersproject/hash
                Depends on vulnerable versions of @ethersproject/hdnode
                Depends on vulnerable versions of @ethersproject/json-wallets
                Depends on vulnerable versions of @ethersproject/providers
                Depends on vulnerable versions of @ethersproject/signing-key
                Depends on vulnerable versions of @ethersproject/transactions
                Depends on vulnerable versions of @ethersproject/wallet
                Depends on vulnerable versions of @ethersproject/wordlists
                node_modules/ethers
            @ethersproject/providers  <=5.7.2
            Depends on vulnerable versions of @ethersproject/abstract-provider
            Depends on vulnerable versions of @ethersproject/abstract-signer
            Depends on vulnerable versions of @ethersproject/hash
            Depends on vulnerable versions of @ethersproject/transactions
            Depends on vulnerable versions of ws
            node_modules/@ethersproject/providers
            @ethersproject/wallet  <=5.7.0
            Depends on vulnerable versions of @ethersproject/abstract-provider
            Depends on vulnerable versions of @ethersproject/abstract-signer
            Depends on vulnerable versions of @ethersproject/hash
            Depends on vulnerable versions of @ethersproject/hdnode
            Depends on vulnerable versions of @ethersproject/json-wallets
            Depends on vulnerable versions of @ethersproject/signing-key
            Depends on vulnerable versions of @ethersproject/transactions
            Depends on vulnerable versions of @ethersproject/wordlists
            node_modules/@ethersproject/wallet
            @ethersproject/wordlists  5.0.8 - 5.7.0
            Depends on vulnerable versions of @ethersproject/hash
            node_modules/@ethersproject/wordlists

next  10.0.0 - 14.2.6
Severity: high
Next.js Server-Side Request Forgery in Server Actions - https://github.com/advisories/GHSA-fr5h-rqp8-mj6g
Denial of Service condition in Next.js image optimization - https://github.com/advisories/GHSA-g77x-44xx-532m
fix available via `npm audit fix --force`
Will install next@15.0.3, which is a breaking change
node_modules/next

ws  7.0.0 - 7.5.9
Severity: high
ws affected by a DoS when handling a request with many HTTP headers - https://github.com/advisories/GHSA-3h5v-q93c-6h6q
fix available via `npm audit fix --force`
Will install ethers@6.13.4, which is a breaking change
node_modules/ws

16 vulnerabilities (12 low, 4 high)

To address issues that do not require attention, run:
  npm audit fix

To address all issues (including breaking changes), run:
  npm audit fix --force
Exit Code: 1
----
